\BOOKMARK [0][-]{chapter.1}{\376\377\000s\000r\000c\000\137\000d\000e\000m\000a\000n\000d\000\137\000f\000o\000r\000e\000c\000a\000s\000t}{}% 1
\BOOKMARK [1][-]{section.1.1}{\376\377\000s\000r\000c\000\137\000d\000e\000m\000a\000n\000d\000\137\000f\000o\000r\000e\000c\000a\000s\000t\000\040\000p\000a\000c\000k\000a\000g\000e}{chapter.1}% 2
\BOOKMARK [2][-]{subsection.1.1.1}{\376\377\000S\000u\000b\000p\000a\000c\000k\000a\000g\000e\000s}{section.1.1}% 3
\BOOKMARK [3][-]{subsubsection.1.1.1.1}{\376\377\000s\000r\000c\000\137\000d\000e\000m\000a\000n\000d\000\137\000f\000o\000r\000e\000c\000a\000s\000t\000.\000d\000a\000t\000a\000\040\000p\000a\000c\000k\000a\000g\000e}{subsection.1.1.1}% 4
\BOOKMARK [4][-]{paragraph*.3}{\376\377\000S\000u\000b\000m\000o\000d\000u\000l\000e\000s}{subsubsection.1.1.1.1}% 5
\BOOKMARK [4][-]{paragraph*.4}{\376\377\000s\000r\000c\000\137\000d\000e\000m\000a\000n\000d\000\137\000f\000o\000r\000e\000c\000a\000s\000t\000.\000d\000a\000t\000a\000.\000s\000p\000l\000i\000t\000\137\000d\000a\000t\000a\000s\000e\000t\000\040\000m\000o\000d\000u\000l\000e}{subsubsection.1.1.1.1}% 6
\BOOKMARK [4][-]{paragraph*.6}{\376\377\000M\000o\000d\000u\000l\000e\000\040\000c\000o\000n\000t\000e\000n\000t\000s}{subsubsection.1.1.1.1}% 7
\BOOKMARK [3][-]{subsubsection.1.1.1.2}{\376\377\000s\000r\000c\000\137\000d\000e\000m\000a\000n\000d\000\137\000f\000o\000r\000e\000c\000a\000s\000t\000.\000d\000o\000w\000n\000l\000o\000a\000d\000\040\000p\000a\000c\000k\000a\000g\000e}{subsection.1.1.1}% 8
\BOOKMARK [4][-]{paragraph*.7}{\376\377\000S\000u\000b\000m\000o\000d\000u\000l\000e\000s}{subsubsection.1.1.1.2}% 9
\BOOKMARK [4][-]{paragraph*.8}{\376\377\000s\000r\000c\000\137\000d\000e\000m\000a\000n\000d\000\137\000f\000o\000r\000e\000c\000a\000s\000t\000.\000d\000o\000w\000n\000l\000o\000a\000d\000.\000d\000o\000w\000n\000l\000o\000a\000d\000\137\000f\000r\000o\000m\000\137\000s\0003\000\040\000m\000o\000d\000u\000l\000e}{subsubsection.1.1.1.2}% 10
\BOOKMARK [4][-]{paragraph*.10}{\376\377\000M\000o\000d\000u\000l\000e\000\040\000c\000o\000n\000t\000e\000n\000t\000s}{subsubsection.1.1.1.2}% 11
\BOOKMARK [3][-]{subsubsection.1.1.1.3}{\376\377\000s\000r\000c\000\137\000d\000e\000m\000a\000n\000d\000\137\000f\000o\000r\000e\000c\000a\000s\000t\000.\000e\000n\000t\000i\000t\000i\000e\000s\000\040\000p\000a\000c\000k\000a\000g\000e}{subsection.1.1.1}% 12
\BOOKMARK [4][-]{paragraph*.11}{\376\377\000S\000u\000b\000m\000o\000d\000u\000l\000e\000s}{subsubsection.1.1.1.3}% 13
\BOOKMARK [4][-]{paragraph*.12}{\376\377\000s\000r\000c\000\137\000d\000e\000m\000a\000n\000d\000\137\000f\000o\000r\000e\000c\000a\000s\000t\000.\000e\000n\000t\000i\000t\000i\000e\000s\000.\000f\000e\000a\000t\000u\000r\000e\000\137\000p\000a\000r\000a\000m\000s\000\040\000m\000o\000d\000u\000l\000e}{subsubsection.1.1.1.3}% 14
\BOOKMARK [4][-]{paragraph*.17}{\376\377\000s\000r\000c\000\137\000d\000e\000m\000a\000n\000d\000\137\000f\000o\000r\000e\000c\000a\000s\000t\000.\000e\000n\000t\000i\000t\000i\000e\000s\000.\000m\000o\000d\000e\000l\000\137\000p\000a\000r\000a\000m\000s\000\040\000m\000o\000d\000u\000l\000e}{subsubsection.1.1.1.3}% 15
\BOOKMARK [4][-]{paragraph*.22}{\376\377\000s\000r\000c\000\137\000d\000e\000m\000a\000n\000d\000\137\000f\000o\000r\000e\000c\000a\000s\000t\000.\000e\000n\000t\000i\000t\000i\000e\000s\000.\000s\000p\000l\000i\000t\000\137\000p\000a\000r\000a\000m\000s\000\040\000m\000o\000d\000u\000l\000e}{subsubsection.1.1.1.3}% 16
\BOOKMARK [4][-]{paragraph*.25}{\376\377\000s\000r\000c\000\137\000d\000e\000m\000a\000n\000d\000\137\000f\000o\000r\000e\000c\000a\000s\000t\000.\000e\000n\000t\000i\000t\000i\000e\000s\000.\000t\000r\000a\000i\000n\000\137\000p\000i\000p\000e\000l\000i\000n\000e\000\137\000p\000a\000r\000a\000m\000s\000\040\000m\000o\000d\000u\000l\000e}{subsubsection.1.1.1.3}% 17
\BOOKMARK [4][-]{paragraph*.26}{\376\377\000s\000r\000c\000\137\000d\000e\000m\000a\000n\000d\000\137\000f\000o\000r\000e\000c\000a\000s\000t\000.\000e\000n\000t\000i\000t\000i\000e\000s\000.\000v\000a\000l\000i\000d\000a\000t\000i\000o\000n\000\137\000p\000a\000r\000a\000m\000s\000\040\000m\000o\000d\000u\000l\000e}{subsubsection.1.1.1.3}% 18
\BOOKMARK [4][-]{paragraph*.38}{\376\377\000M\000o\000d\000u\000l\000e\000\040\000c\000o\000n\000t\000e\000n\000t\000s}{subsubsection.1.1.1.3}% 19
\BOOKMARK [3][-]{subsubsection.1.1.1.4}{\376\377\000s\000r\000c\000\137\000d\000e\000m\000a\000n\000d\000\137\000f\000o\000r\000e\000c\000a\000s\000t\000.\000f\000e\000a\000t\000u\000r\000e\000s\000\040\000p\000a\000c\000k\000a\000g\000e}{subsection.1.1.1}% 20
\BOOKMARK [4][-]{paragraph*.39}{\376\377\000S\000u\000b\000m\000o\000d\000u\000l\000e\000s}{subsubsection.1.1.1.4}% 21
\BOOKMARK [4][-]{paragraph*.40}{\376\377\000s\000r\000c\000\137\000d\000e\000m\000a\000n\000d\000\137\000f\000o\000r\000e\000c\000a\000s\000t\000.\000f\000e\000a\000t\000u\000r\000e\000s\000.\000A\000d\000d\000F\000e\000a\000t\000u\000r\000e\000s\000\040\000m\000o\000d\000u\000l\000e}{subsubsection.1.1.1.4}% 22
\BOOKMARK [4][-]{paragraph*.41}{\376\377\000s\000r\000c\000\137\000d\000e\000m\000a\000n\000d\000\137\000f\000o\000r\000e\000c\000a\000s\000t\000.\000f\000e\000a\000t\000u\000r\000e\000s\000.\000A\000d\000d\000T\000a\000r\000g\000e\000t\000s\000\040\000m\000o\000d\000u\000l\000e}{subsubsection.1.1.1.4}% 23
\BOOKMARK [4][-]{paragraph*.42}{\376\377\000s\000r\000c\000\137\000d\000e\000m\000a\000n\000d\000\137\000f\000o\000r\000e\000c\000a\000s\000t\000.\000f\000e\000a\000t\000u\000r\000e\000s\000.\000b\000u\000i\000l\000d\000\137\000s\000k\000u\000\137\000b\000y\000\137\000d\000a\000y\000\040\000m\000o\000d\000u\000l\000e}{subsubsection.1.1.1.4}% 24
\BOOKMARK [4][-]{paragraph*.45}{\376\377\000s\000r\000c\000\137\000d\000e\000m\000a\000n\000d\000\137\000f\000o\000r\000e\000c\000a\000s\000t\000.\000f\000e\000a\000t\000u\000r\000e\000s\000.\000b\000u\000i\000l\000d\000\137\000t\000r\000a\000n\000s\000f\000o\000r\000m\000e\000r\000\040\000m\000o\000d\000u\000l\000e}{subsubsection.1.1.1.4}% 25
\BOOKMARK [4][-]{paragraph*.48}{\376\377\000M\000o\000d\000u\000l\000e\000\040\000c\000o\000n\000t\000e\000n\000t\000s}{subsubsection.1.1.1.4}% 26
\BOOKMARK [3][-]{subsubsection.1.1.1.5}{\376\377\000s\000r\000c\000\137\000d\000e\000m\000a\000n\000d\000\137\000f\000o\000r\000e\000c\000a\000s\000t\000.\000i\000n\000f\000e\000r\000e\000n\000c\000e\000\040\000p\000a\000c\000k\000a\000g\000e}{subsection.1.1.1}% 27
\BOOKMARK [4][-]{paragraph*.49}{\376\377\000S\000u\000b\000m\000o\000d\000u\000l\000e\000s}{subsubsection.1.1.1.5}% 28
\BOOKMARK [4][-]{paragraph*.50}{\376\377\000s\000r\000c\000\137\000d\000e\000m\000a\000n\000d\000\137\000f\000o\000r\000e\000c\000a\000s\000t\000.\000i\000n\000f\000e\000r\000e\000n\000c\000e\000.\000m\000a\000k\000e\000\137\000r\000e\000q\000u\000e\000s\000t\000\040\000m\000o\000d\000u\000l\000e}{subsubsection.1.1.1.5}% 29
\BOOKMARK [4][-]{paragraph*.55}{\376\377\000M\000o\000d\000u\000l\000e\000\040\000c\000o\000n\000t\000e\000n\000t\000s}{subsubsection.1.1.1.5}% 30
\BOOKMARK [3][-]{subsubsection.1.1.1.6}{\376\377\000s\000r\000c\000\137\000d\000e\000m\000a\000n\000d\000\137\000f\000o\000r\000e\000c\000a\000s\000t\000.\000m\000o\000d\000e\000l\000s\000\040\000p\000a\000c\000k\000a\000g\000e}{subsection.1.1.1}% 31
\BOOKMARK [4][-]{paragraph*.56}{\376\377\000S\000u\000b\000m\000o\000d\000u\000l\000e\000s}{subsubsection.1.1.1.6}% 32
\BOOKMARK [4][-]{paragraph*.57}{\376\377\000s\000r\000c\000\137\000d\000e\000m\000a\000n\000d\000\137\000f\000o\000r\000e\000c\000a\000s\000t\000.\000m\000o\000d\000e\000l\000s\000.\000r\000e\000p\000r\000o\000\137\000e\000x\000p\000e\000r\000i\000m\000e\000n\000t\000s\000\040\000m\000o\000d\000u\000l\000e}{subsubsection.1.1.1.6}% 33
\BOOKMARK [4][-]{paragraph*.64}{\376\377\000s\000r\000c\000\137\000d\000e\000m\000a\000n\000d\000\137\000f\000o\000r\000e\000c\000a\000s\000t\000.\000m\000o\000d\000e\000l\000s\000.\000t\000r\000a\000i\000n\000\137\000m\000o\000d\000e\000l\000\040\000m\000o\000d\000u\000l\000e}{subsubsection.1.1.1.6}% 34
\BOOKMARK [4][-]{paragraph*.71}{\376\377\000M\000o\000d\000u\000l\000e\000\040\000c\000o\000n\000t\000e\000n\000t\000s}{subsubsection.1.1.1.6}% 35
\BOOKMARK [3][-]{subsubsection.1.1.1.7}{\376\377\000s\000r\000c\000\137\000d\000e\000m\000a\000n\000d\000\137\000f\000o\000r\000e\000c\000a\000s\000t\000.\000u\000p\000l\000o\000a\000d\000\040\000p\000a\000c\000k\000a\000g\000e}{subsection.1.1.1}% 36
\BOOKMARK [4][-]{paragraph*.72}{\376\377\000S\000u\000b\000m\000o\000d\000u\000l\000e\000s}{subsubsection.1.1.1.7}% 37
\BOOKMARK [4][-]{paragraph*.73}{\376\377\000s\000r\000c\000\137\000d\000e\000m\000a\000n\000d\000\137\000f\000o\000r\000e\000c\000a\000s\000t\000.\000u\000p\000l\000o\000a\000d\000.\000s\0003\000\137\000s\000t\000o\000r\000a\000g\000e\000\040\000m\000o\000d\000u\000l\000e}{subsubsection.1.1.1.7}% 38
\BOOKMARK [4][-]{paragraph*.75}{\376\377\000M\000o\000d\000u\000l\000e\000\040\000c\000o\000n\000t\000e\000n\000t\000s}{subsubsection.1.1.1.7}% 39
\BOOKMARK [3][-]{subsubsection.1.1.1.8}{\376\377\000s\000r\000c\000\137\000d\000e\000m\000a\000n\000d\000\137\000f\000o\000r\000e\000c\000a\000s\000t\000.\000v\000i\000s\000u\000a\000l\000i\000z\000a\000t\000i\000o\000n\000\040\000p\000a\000c\000k\000a\000g\000e}{subsection.1.1.1}% 40
\BOOKMARK [4][-]{paragraph*.76}{\376\377\000S\000u\000b\000m\000o\000d\000u\000l\000e\000s}{subsubsection.1.1.1.8}% 41
\BOOKMARK [4][-]{paragraph*.77}{\376\377\000s\000r\000c\000\137\000d\000e\000m\000a\000n\000d\000\137\000f\000o\000r\000e\000c\000a\000s\000t\000.\000v\000i\000s\000u\000a\000l\000i\000z\000a\000t\000i\000o\000n\000.\000v\000i\000s\000u\000a\000l\000i\000z\000e\000\040\000m\000o\000d\000u\000l\000e}{subsubsection.1.1.1.8}% 42
\BOOKMARK [4][-]{paragraph*.78}{\376\377\000M\000o\000d\000u\000l\000e\000\040\000c\000o\000n\000t\000e\000n\000t\000s}{subsubsection.1.1.1.8}% 43
\BOOKMARK [2][-]{subsection.1.1.2}{\376\377\000M\000o\000d\000u\000l\000e\000\040\000c\000o\000n\000t\000e\000n\000t\000s}{section.1.1}% 44
\BOOKMARK [0][-]{chapter.2}{\376\377\000D\000e\000m\000a\000n\000d\000\040\000F\000o\000r\000e\000c\000a\000s\000t}{}% 45
\BOOKMARK [1][-]{section.2.1}{\376\377\000W\000h\000a\000t\000\040\000i\000s\000\040\000t\000h\000e\000\040\000p\000r\000o\000j\000e\000c\000t\000\040\000a\000b\000o\000u\000t\000?}{chapter.2}% 46
\BOOKMARK [1][-]{section.2.2}{\376\377\000H\000o\000w\000\040\000t\000o\000\040\000u\000s\000e\000\040\000t\000h\000i\000s\000\040\000p\000r\000o\000j\000e\000c\000t\000?}{chapter.2}% 47
\BOOKMARK [1][-]{section.2.3}{\376\377\000P\000r\000o\000j\000e\000c\000t\000\040\000O\000r\000g\000a\000n\000i\000z\000a\000t\000i\000o\000n}{chapter.2}% 48
\BOOKMARK [0][-]{section*.79}{\376\377\000P\000y\000t\000h\000o\000n\000\040\000M\000o\000d\000u\000l\000e\000\040\000I\000n\000d\000e\000x}{}% 49
